[03-Mar-2024 21:08:45 UTC] PHP Parse error:  syntax error, unexpected end of file in /Users/jau-mac/Local Sites/naia-invest/app/public/wp-content/themes/naia-invest/functions.php on line 2
[03-Mar-2024 21:08:45 UTC] PHP Warning:  Trying to access array offset on value of type bool in /Users/jau-mac/Local Sites/naia-invest/app/public/wp-includes/class-wp-recovery-mode-email-service.php on line 367
[03-Mar-2024 21:08:45 UTC] PHP Warning:  Trying to access array offset on value of type bool in /Users/jau-mac/Local Sites/naia-invest/app/public/wp-includes/class-wp-recovery-mode-email-service.php on line 368
[07-Mar-2024 20:44:18 UTC] PHP Parse error:  syntax error, unexpected token "{", expecting "(" in /Users/jau-mac/Local Sites/naia-invest/app/public/wp-content/themes/naia-invest/functions.php on line 3
[07-Mar-2024 20:44:18 UTC] PHP Warning:  Trying to access array offset on value of type bool in /Users/jau-mac/Local Sites/naia-invest/app/public/wp-includes/class-wp-recovery-mode-email-service.php on line 367
[07-Mar-2024 20:44:18 UTC] PHP Warning:  Trying to access array offset on value of type bool in /Users/jau-mac/Local Sites/naia-invest/app/public/wp-includes/class-wp-recovery-mode-email-service.php on line 368
[08-Mar-2024 06:33:16 UTC] PHP Fatal error:  Allowed memory size of 268435456 bytes exhausted (tried to allocate 262144 bytes) in /Users/jau-mac/Local Sites/naia-invest/app/public/wp-includes/class-wp-styles.php on line 371
[08-Mar-2024 06:33:16 UTC] PHP Fatal error:  Allowed memory size of 268435456 bytes exhausted (tried to allocate 262144 bytes) in /Users/jau-mac/Local Sites/naia-invest/app/public/wp-includes/class-wp-fatal-error-handler.php on line 35
[08-Mar-2024 06:33:24 UTC] PHP Fatal error:  Allowed memory size of 268435456 bytes exhausted (tried to allocate 262144 bytes) in /Users/jau-mac/Local Sites/naia-invest/app/public/wp-includes/class-wp-styles.php on line 371
[08-Mar-2024 06:33:24 UTC] PHP Fatal error:  Allowed memory size of 268435456 bytes exhausted (tried to allocate 262144 bytes) in /Users/jau-mac/Local Sites/naia-invest/app/public/wp-includes/class-wp-fatal-error-handler.php on line 35
[14-Mar-2024 21:59:23 UTC] PHP Parse error:  Unmatched '}' in /Users/jau-mac/Local Sites/naia-invest/app/public/wp-content/plugins/naia-post-types/naia-post-types.php on line 97
[14-Mar-2024 21:59:45 UTC] PHP Fatal error:  Uncaught Error: Call to a member function add_rewrite_tag() on null in /Users/jau-mac/Local Sites/naia-invest/app/public/wp-includes/rewrite.php:176
Stack trace:
#0 /Users/jau-mac/Local Sites/naia-invest/app/public/wp-includes/class-wp-taxonomy.php(513): add_rewrite_tag('%estado%', '([^/]+)', 'estado=')
#1 /Users/jau-mac/Local Sites/naia-invest/app/public/wp-includes/taxonomy.php(515): WP_Taxonomy->add_rewrite_rules()
#2 /Users/jau-mac/Local Sites/naia-invest/app/public/wp-content/plugins/naia-post-types/naia-post-types.php(95): register_taxonomy('estado', Array, Array)
#3 /Users/jau-mac/Local Sites/naia-invest/app/public/wp-settings.php(473): include_once('/Users/jau-mac/...')
#4 /Users/jau-mac/Local Sites/naia-invest/app/public/wp-config.php(103): require_once('/Users/jau-mac/...')
#5 /Users/jau-mac/Local Sites/naia-invest/app/public/wp-load.php(50): require_once('/Users/jau-mac/...')
#6 /Users/jau-mac/Local Sites/naia-invest/app/public/wp-admin/admin.php(34): require_once('/Users/jau-mac/...')
#7 /Users/jau-mac/Local Sites/naia-invest/app/public/wp-admin/post.php(12): require_once('/Users/jau-mac/...')
#8 {main}
  thrown in /Users/jau-mac/Local Sites/naia-invest/app/public/wp-includes/rewrite.php on line 176
[14-Mar-2024 21:59:45 UTC] PHP Fatal error:  Uncaught Error: Call to a member function add_rewrite_tag() on null in /Users/jau-mac/Local Sites/naia-invest/app/public/wp-includes/rewrite.php:176
Stack trace:
#0 /Users/jau-mac/Local Sites/naia-invest/app/public/wp-includes/class-wp-taxonomy.php(513): add_rewrite_tag('%estado%', '([^/]+)', 'estado=')
#1 /Users/jau-mac/Local Sites/naia-invest/app/public/wp-includes/taxonomy.php(515): WP_Taxonomy->add_rewrite_rules()
#2 /Users/jau-mac/Local Sites/naia-invest/app/public/wp-content/plugins/naia-post-types/naia-post-types.php(95): register_taxonomy('estado', Array, Array)
#3 /Users/jau-mac/Local Sites/naia-invest/app/public/wp-settings.php(473): include_once('/Users/jau-mac/...')
#4 /Users/jau-mac/Local Sites/naia-invest/app/public/wp-config.php(103): require_once('/Users/jau-mac/...')
#5 /Users/jau-mac/Local Sites/naia-invest/app/public/wp-load.php(50): require_once('/Users/jau-mac/...')
#6 /Users/jau-mac/Local Sites/naia-invest/app/public/wp-admin/admin-ajax.php(22): require_once('/Users/jau-mac/...')
#7 {main}
  thrown in /Users/jau-mac/Local Sites/naia-invest/app/public/wp-includes/rewrite.php on line 176
[14-Mar-2024 21:59:49 UTC] PHP Fatal error:  Uncaught Error: Call to a member function add_rewrite_tag() on null in /Users/jau-mac/Local Sites/naia-invest/app/public/wp-includes/rewrite.php:176
Stack trace:
#0 /Users/jau-mac/Local Sites/naia-invest/app/public/wp-includes/class-wp-taxonomy.php(513): add_rewrite_tag('%estado%', '([^/]+)', 'estado=')
#1 /Users/jau-mac/Local Sites/naia-invest/app/public/wp-includes/taxonomy.php(515): WP_Taxonomy->add_rewrite_rules()
#2 /Users/jau-mac/Local Sites/naia-invest/app/public/wp-content/plugins/naia-post-types/naia-post-types.php(95): register_taxonomy('estado', Array, Array)
#3 /Users/jau-mac/Local Sites/naia-invest/app/public/wp-settings.php(473): include_once('/Users/jau-mac/...')
#4 /Users/jau-mac/Local Sites/naia-invest/app/public/wp-config.php(103): require_once('/Users/jau-mac/...')
#5 /Users/jau-mac/Local Sites/naia-invest/app/public/wp-load.php(50): require_once('/Users/jau-mac/...')
#6 /Users/jau-mac/Local Sites/naia-invest/app/public/wp-admin/admin-ajax.php(22): require_once('/Users/jau-mac/...')
#7 {main}
  thrown in /Users/jau-mac/Local Sites/naia-invest/app/public/wp-includes/rewrite.php on line 176
[14-Mar-2024 22:00:49 UTC] PHP Warning:  Cannot modify header information - headers already sent by (output started at /Users/jau-mac/Local Sites/naia-invest/app/public/wp-content/plugins/naia-post-types/naia-post-types.php:1) in /Users/jau-mac/Local Sites/naia-invest/app/public/wp-includes/http.php on line 505
[14-Mar-2024 22:00:49 UTC] PHP Warning:  Cannot modify header information - headers already sent by (output started at /Users/jau-mac/Local Sites/naia-invest/app/public/wp-content/plugins/naia-post-types/naia-post-types.php:1) in /Users/jau-mac/Local Sites/naia-invest/app/public/wp-includes/http.php on line 506
[14-Mar-2024 22:00:49 UTC] PHP Warning:  Cannot modify header information - headers already sent by (output started at /Users/jau-mac/Local Sites/naia-invest/app/public/wp-content/plugins/naia-post-types/naia-post-types.php:1) in /Users/jau-mac/Local Sites/naia-invest/app/public/wp-admin/admin-ajax.php on line 27
[14-Mar-2024 22:00:49 UTC] PHP Warning:  Cannot modify header information - headers already sent by (output started at /Users/jau-mac/Local Sites/naia-invest/app/public/wp-content/plugins/naia-post-types/naia-post-types.php:1) in /Users/jau-mac/Local Sites/naia-invest/app/public/wp-admin/admin-ajax.php on line 28
[14-Mar-2024 22:00:49 UTC] PHP Warning:  Cannot modify header information - headers already sent by (output started at /Users/jau-mac/Local Sites/naia-invest/app/public/wp-content/plugins/naia-post-types/naia-post-types.php:1) in /Users/jau-mac/Local Sites/naia-invest/app/public/wp-includes/functions.php on line 6936
[14-Mar-2024 22:00:49 UTC] PHP Warning:  Cannot modify header information - headers already sent by (output started at /Users/jau-mac/Local Sites/naia-invest/app/public/wp-content/plugins/naia-post-types/naia-post-types.php:1) in /Users/jau-mac/Local Sites/naia-invest/app/public/wp-admin/includes/misc.php on line 1431
[14-Mar-2024 22:00:49 UTC] PHP Warning:  Cannot modify header information - headers already sent by (output started at /Users/jau-mac/Local Sites/naia-invest/app/public/wp-content/plugins/naia-post-types/naia-post-types.php:1) in /Users/jau-mac/Local Sites/naia-invest/app/public/wp-includes/functions.php on line 7049
